[2025-05-18 16:53:35.421]: Info: Sunshine version: 2025.122.141614
[2025-05-18 16:53:35.422]: Info: Package Publisher: Third Party Publisher
[2025-05-18 16:53:35.422]: Info: Publisher Website: 
[2025-05-18 16:53:35.422]: Info: Get support: https://app.lizardbyte.dev/support
[2025-05-18 16:53:35.424]: Info: Found display [wayland-1]
[2025-05-18 16:53:35.425]: Info: Found interface: zxdg_output_manager_v1(9) version 3
[2025-05-18 16:53:35.425]: Info: Found interface: wl_output(58) version 4
[2025-05-18 16:53:35.425]: Warning: Missing Wayland wire for wlr-export-dmabuf
[2025-05-18 16:53:35.431]: Info: /dev/dri/card1 -> amdgpu
[2025-05-18 16:53:35.447]: Info: Found display [wayland-1]
[2025-05-18 16:53:35.448]: Info: Found display [wayland-1]
[2025-05-18 16:53:35.448]: Info: Found interface: zxdg_output_manager_v1(9) version 3
[2025-05-18 16:53:35.448]: Info: Found interface: wl_output(58) version 4
[2025-05-18 16:53:35.448]: Info: Resolution: 1366x768
[2025-05-18 16:53:35.448]: Info: Name: eDP-1
[2025-05-18 16:53:35.448]: Info: Found monitor: BOE 0x08FE  (eDP-1)
[2025-05-18 16:53:35.449]: Info: Offset: 0x0
[2025-05-18 16:53:35.449]: Info: Logical size: 1366x768
[2025-05-18 16:53:35.449]: Info: -------- Start of KMS monitor list --------
[2025-05-18 16:53:35.449]: Info: Monitor 0 is eDP-1: BOE 0x08FE  (eDP-1)
[2025-05-18 16:53:35.449]: Info: --------- End of KMS monitor list ---------
[2025-05-18 16:53:35.500]: Warning: Gamepad ds5 is disabled due to Permission denied
[2025-05-18 16:53:35.501]: Info: // Testing for available encoders, this may generate errors. You can safely ignore those errors. //
[2025-05-18 16:53:35.501]: Info: Trying encoder [nvenc]
[2025-05-18 16:53:35.501]: Info: Screencasting with KMS
[2025-05-18 16:53:35.518]: Info: /dev/dri/card1 -> amdgpu
[2025-05-18 16:53:35.538]: Error: Couldn't find monitor [7346598]
[2025-05-18 16:53:35.543]: Info: /dev/dri/card1 -> amdgpu
[2025-05-18 16:53:35.554]: Info: System tray created
[2025-05-18 16:53:35.568]: Error: Couldn't find monitor [7346598]
[2025-05-18 16:53:35.769]: Info: Screencasting with KMS
[2025-05-18 16:53:35.773]: Info: /dev/dri/card1 -> amdgpu
[2025-05-18 16:53:35.787]: Error: Couldn't find monitor [7346598]
[2025-05-18 16:53:35.790]: Info: /dev/dri/card1 -> amdgpu
[2025-05-18 16:53:35.804]: Error: Couldn't find monitor [7346598]
[2025-05-18 16:53:36.004]: Info: Encoder [nvenc] failed
[2025-05-18 16:53:36.005]: Info: Trying encoder [vaapi]
[2025-05-18 16:53:36.005]: Info: Screencasting with KMS
[2025-05-18 16:53:36.010]: Info: /dev/dri/card1 -> amdgpu
[2025-05-18 16:53:36.040]: Error: Couldn't find monitor [7346598]
[2025-05-18 16:53:36.043]: Info: /dev/dri/card1 -> amdgpu
[2025-05-18 16:53:36.057]: Error: Couldn't find monitor [7346598]
[2025-05-18 16:53:36.258]: Info: Screencasting with KMS
[2025-05-18 16:53:36.261]: Info: /dev/dri/card1 -> amdgpu
[2025-05-18 16:53:36.294]: Error: Couldn't find monitor [7346598]
[2025-05-18 16:53:36.298]: Info: /dev/dri/card1 -> amdgpu
[2025-05-18 16:53:36.312]: Error: Couldn't find monitor [7346598]
[2025-05-18 16:53:36.512]: Info: Encoder [vaapi] failed
[2025-05-18 16:53:36.512]: Info: Trying encoder [software]
[2025-05-18 16:53:36.512]: Info: Screencasting with KMS
[2025-05-18 16:53:36.516]: Info: /dev/dri/card1 -> amdgpu
[2025-05-18 16:53:36.529]: Error: Couldn't find monitor [7346598]
[2025-05-18 16:53:36.730]: Info: Screencasting with KMS
[2025-05-18 16:53:36.734]: Info: /dev/dri/card1 -> amdgpu
[2025-05-18 16:53:36.767]: Error: Couldn't find monitor [7346598]
[2025-05-18 16:53:36.968]: Info: Encoder [software] failed
[2025-05-18 16:53:36.968]: Fatal: Unable to find display or encoder during startup.
[2025-05-18 16:53:36.968]: Fatal: Please ensure your manually chosen GPU and monitor are connected and powered on.
[2025-05-18 16:53:36.968]: Error: Video failed to find working encoder
[2025-05-18 16:53:36.975]: Error: Failed to create client: Daemon not running
[2025-05-18 16:53:36.976]: Info: Configuration UI available at [https://localhost:47990]
[2025-05-18 16:53:40.060]: Info: Terminate handler called
