[log] [2025-05-16T20:33:31.268Z] You're running Beeper v4.0.693 (production) on linux 6.14.6-arch1-1 x64 (server env: production)
[log] [2025-05-16T20:33:31.300Z] running with electron
[log] [2025-05-16T20:33:31.305Z] platform_worker starting worker
[log] [2025-05-16T20:33:31.606Z] platform_worker took 301 ms to be online
[log] [2025-05-16T20:33:37.485Z] showing main window from fallback timeout
[log] [2025-05-16T20:33:38.559Z] shown window in 9323 ms
[debug] [2025-05-16T20:34:34.524Z] Event: memory — {"hwAccel":true,"processType":"browser","uptimeMinutes":1,"privateMb":125,"sharedMb":47}
[debug] [2025-05-16T20:34:34.529Z] Event: system-stats — {"processType":"browser","arch":"x64","memoryUsage":{"rss":280453120,"heapTotal":22855680,"heapUsed":15590648,"external":3437291,"arrayBuffers":0},"cpuUsage":{"user":5585928,"system":1065989}}
[log] [2025-05-16T20:34:37.418Z] [Updates] [checkForUpdates] checking for updates (automatic? true)
[info] [2025-05-16T20:34:39.532Z] skipped sending events to legacy /metrics endpoint [{"deviceId":"1581b98d2a63754e4c1293c0961fe875a205a6e04a0eca34f5ab304dcac63175","type":"memory","eventData":{"hwAccel":true,"processType":"browser","uptimeMinutes":1,"privateMb":125,"sharedMb":47},"metadata":{"os":{"name":"linux","version":"6.14.6-arch1-1"},"appVersion":"4.0.693","arch":"x64","isWKWV":false}},{"deviceId":"1581b98d2a63754e4c1293c0961fe875a205a6e04a0eca34f5ab304dcac63175","type":"system-stats","eventData":{"processType":"browser","arch":"x64","memoryUsage":{"rss":280453120,"heapTotal":22855680,"heapUsed":15590648,"external":3437291,"arrayBuffers":0},"cpuUsage":{"user":5585928,"system":1065989}},"metadata":{"os":{"name":"linux","version":"6.14.6-arch1-1"},"appVersion":"4.0.693","arch":"x64","isWKWV":false}}]
[log] [2025-05-16T20:37:22.947Z] [BrowserAuth] bridge-discordgo_2b08241e-3304-4638-9c6f-c6ecc2f62fd0 launching browser window bridge-discordgo_2b08241e-3304-4638-9c6f-c6ecc2f62fd0 https://discord.com/login
[error] [2025-05-16T20:37:50.589Z] [BrowserAuth] bridge-discordgo_2b08241e-3304-4638-9c6f-c6ecc2f62fd0 Error from host page: %c[KeybindsStore] 
font-weight: bold;
color: purple;
 [kb store] KeybindStore: Looking for callback action TOGGLE_OVERLAY_INPUT_LOCK but it doesn't exist in this version. Skipping
[error] [2025-05-16T20:37:50.591Z] [BrowserAuth] bridge-discordgo_2b08241e-3304-4638-9c6f-c6ecc2f62fd0 Error from host page: %c[KeybindsStore] 
font-weight: bold;
color: purple;
 [kb store] KeybindStore: Looking for callback action SOUNDBOARD_HOLD but it doesn't exist in this version. Skipping
[error] [2025-05-16T20:37:50.591Z] [BrowserAuth] bridge-discordgo_2b08241e-3304-4638-9c6f-c6ecc2f62fd0 Error from host page: %c[KeybindsStore] 
font-weight: bold;
color: purple;
 [kb store] KeybindStore: Looking for callback action SAVE_CLIP but it doesn't exist in this version. Skipping
[log] [2025-05-16T20:38:21.086Z] [BrowserAuth] bridge-instagramgo_7bb16dc7-0519-45e9-9fed-c99aa477501d launching browser window bridge-instagramgo_7bb16dc7-0519-45e9-9fed-c99aa477501d https://www.instagram.com/
[error] [2025-05-16T20:38:22.647Z] [BrowserAuth] bridge-instagramgo_7bb16dc7-0519-45e9-9fed-c99aa477501d Error from host page: ErrorUtils caught an error:

Identifier 'successfulLogin' has already been declared

Subsequent non-fatal errors won't be logged; see https://fburl.com/debugjs. [object Object]
[error] [2025-05-16T20:38:22.652Z] [BrowserAuth] bridge-instagramgo_7bb16dc7-0519-45e9-9fed-c99aa477501d Error from host page: Uncaught SyntaxError: Identifier 'successfulLogin' has already been declared
[error] [2025-05-16T20:38:22.652Z] [BrowserAuth] bridge-instagramgo_7bb16dc7-0519-45e9-9fed-c99aa477501d {}
[error] [2025-05-16T20:38:48.053Z] [BrowserAuth] bridge-instagramgo_7bb16dc7-0519-45e9-9fed-c99aa477501d Error from host page: Chrome currently does not support the Push API in incognito mode (https://crbug.com/401439). There is deliberately no way to feature-detect this, since incognito mode needs to be undetectable by websites.
[error] [2025-05-16T20:38:49.168Z] [BrowserAuth] bridge-instagramgo_7bb16dc7-0519-45e9-9fed-c99aa477501d Error from host page: ErrorUtils caught an error:

successfulLogin is not defined

Subsequent non-fatal errors won't be logged; see https://fburl.com/debugjs. [object Object]
[error] [2025-05-16T20:38:49.170Z] [BrowserAuth] bridge-instagramgo_7bb16dc7-0519-45e9-9fed-c99aa477501d Error from host page: Uncaught ReferenceError: successfulLogin is not defined
[error] [2025-05-16T20:38:49.171Z] [BrowserAuth] bridge-instagramgo_7bb16dc7-0519-45e9-9fed-c99aa477501d {}
[error] [2025-05-16T20:38:49.211Z] [BrowserAuth] bridge-instagramgo_7bb16dc7-0519-45e9-9fed-c99aa477501d Error from host page: ErrorUtils caught an error:

Identifier 'successfulLogin' has already been declared

Subsequent non-fatal errors won't be logged; see https://fburl.com/debugjs. [object Object]
[error] [2025-05-16T20:38:49.212Z] [BrowserAuth] bridge-instagramgo_7bb16dc7-0519-45e9-9fed-c99aa477501d Error from host page: Uncaught SyntaxError: Identifier 'successfulLogin' has already been declared
[error] [2025-05-16T20:38:49.212Z] [BrowserAuth] bridge-instagramgo_7bb16dc7-0519-45e9-9fed-c99aa477501d {}
[error] [2025-05-16T20:38:49.219Z] [BrowserAuth] bridge-instagramgo_7bb16dc7-0519-45e9-9fed-c99aa477501d Error from host page: ErrorUtils caught an error:

Identifier 'successfulLogin' has already been declared

Subsequent non-fatal errors won't be logged; see https://fburl.com/debugjs. [object Object]
[error] [2025-05-16T20:38:49.219Z] [BrowserAuth] bridge-instagramgo_7bb16dc7-0519-45e9-9fed-c99aa477501d Error from host page: Uncaught SyntaxError: Identifier 'successfulLogin' has already been declared
[error] [2025-05-16T20:38:49.221Z] [BrowserAuth] bridge-instagramgo_7bb16dc7-0519-45e9-9fed-c99aa477501d {}
[error] [2025-05-16T20:38:50.773Z] [BrowserAuth] bridge-instagramgo_7bb16dc7-0519-45e9-9fed-c99aa477501d Error from host page: ErrorUtils caught an error:

Identifier 'successfulLogin' has already been declared

Subsequent non-fatal errors won't be logged; see https://fburl.com/debugjs. [object Object]
[error] [2025-05-16T20:38:50.774Z] [BrowserAuth] bridge-instagramgo_7bb16dc7-0519-45e9-9fed-c99aa477501d Error from host page: Uncaught SyntaxError: Identifier 'successfulLogin' has already been declared
[error] [2025-05-16T20:38:50.774Z] [BrowserAuth] bridge-instagramgo_7bb16dc7-0519-45e9-9fed-c99aa477501d {}
[error] [2025-05-16T20:38:53.755Z] [BrowserAuth] bridge-instagramgo_7bb16dc7-0519-45e9-9fed-c99aa477501d Error from host page: Chrome currently does not support the Push API in incognito mode (https://crbug.com/401439). There is deliberately no way to feature-detect this, since incognito mode needs to be undetectable by websites.
[error] [2025-05-16T20:38:53.795Z] [BrowserAuth] bridge-instagramgo_7bb16dc7-0519-45e9-9fed-c99aa477501d Error from host page: ErrorUtils caught an error:

Identifier 'successfulLogin' has already been declared

Subsequent non-fatal errors won't be logged; see https://fburl.com/debugjs. [object Object]
[error] [2025-05-16T20:38:53.796Z] [BrowserAuth] bridge-instagramgo_7bb16dc7-0519-45e9-9fed-c99aa477501d Error from host page: Uncaught SyntaxError: Identifier 'successfulLogin' has already been declared
[error] [2025-05-16T20:38:53.796Z] [BrowserAuth] bridge-instagramgo_7bb16dc7-0519-45e9-9fed-c99aa477501d {}
[error] [2025-05-16T20:38:53.801Z] [BrowserAuth] bridge-instagramgo_7bb16dc7-0519-45e9-9fed-c99aa477501d Error from host page: ErrorUtils caught an error:

Identifier 'successfulLogin' has already been declared

Subsequent non-fatal errors won't be logged; see https://fburl.com/debugjs. [object Object]
[error] [2025-05-16T20:38:53.803Z] [BrowserAuth] bridge-instagramgo_7bb16dc7-0519-45e9-9fed-c99aa477501d Error from host page: Uncaught SyntaxError: Identifier 'successfulLogin' has already been declared
[error] [2025-05-16T20:38:53.806Z] [BrowserAuth] bridge-instagramgo_7bb16dc7-0519-45e9-9fed-c99aa477501d {}
[error] [2025-05-16T20:38:53.806Z] [BrowserAuth] bridge-instagramgo_7bb16dc7-0519-45e9-9fed-c99aa477501d Error from host page: ErrorUtils caught an error:

Identifier 'successfulLogin' has already been declared

Subsequent non-fatal errors won't be logged; see https://fburl.com/debugjs. [object Object]
[error] [2025-05-16T20:38:53.810Z] [BrowserAuth] bridge-instagramgo_7bb16dc7-0519-45e9-9fed-c99aa477501d Error from host page: Uncaught SyntaxError: Identifier 'successfulLogin' has already been declared
[error] [2025-05-16T20:38:53.811Z] [BrowserAuth] bridge-instagramgo_7bb16dc7-0519-45e9-9fed-c99aa477501d {}
[error] [2025-05-16T20:38:53.813Z] [BrowserAuth] bridge-instagramgo_7bb16dc7-0519-45e9-9fed-c99aa477501d Error from host page: ErrorUtils caught an error:

Identifier 'successfulLogin' has already been declared

Subsequent non-fatal errors won't be logged; see https://fburl.com/debugjs. [object Object]
[error] [2025-05-16T20:38:53.813Z] [BrowserAuth] bridge-instagramgo_7bb16dc7-0519-45e9-9fed-c99aa477501d Error from host page: Uncaught SyntaxError: Identifier 'successfulLogin' has already been declared
[error] [2025-05-16T20:38:53.814Z] [BrowserAuth] bridge-instagramgo_7bb16dc7-0519-45e9-9fed-c99aa477501d {}
[error] [2025-05-16T20:38:53.820Z] [BrowserAuth] bridge-instagramgo_7bb16dc7-0519-45e9-9fed-c99aa477501d Error from host page: ErrorUtils caught an error:

Identifier 'successfulLogin' has already been declared

Subsequent non-fatal errors won't be logged; see https://fburl.com/debugjs. [object Object]
[error] [2025-05-16T20:38:53.821Z] [BrowserAuth] bridge-instagramgo_7bb16dc7-0519-45e9-9fed-c99aa477501d Error from host page: Uncaught SyntaxError: Identifier 'successfulLogin' has already been declared
[error] [2025-05-16T20:38:53.821Z] [BrowserAuth] bridge-instagramgo_7bb16dc7-0519-45e9-9fed-c99aa477501d {}
[info] [2025-05-16T20:39:08.614Z] [NotificationStore] newNotification: Created with id=1 accountID=telegram threadID=!oJpQ0t9MI6wcjNLg70cQ:beeper.local
[log] [2025-05-16T20:45:10.608Z] You're running Beeper v4.0.693 (production) on linux 6.14.6-arch1-1 x64 (server env: production)
[log] [2025-05-16T20:45:10.706Z] running with electron
[log] [2025-05-16T20:45:10.709Z] platform_worker starting worker
[log] [2025-05-16T20:45:10.864Z] platform_worker took 155 ms to be online
[log] [2025-05-16T20:45:15.053Z] shown window in 5653 ms
[debug] [2025-05-16T20:46:12.619Z] Event: memory — {"hwAccel":true,"processType":"browser","uptimeMinutes":1,"privateMb":172,"sharedMb":12}
[debug] [2025-05-16T20:46:12.622Z] Event: system-stats — {"processType":"browser","arch":"x64","memoryUsage":{"rss":373522432,"heapTotal":17612800,"heapUsed":15971836,"external":3798618,"arrayBuffers":0},"cpuUsage":{"user":24129111,"system":5815368}}
[log] [2025-05-16T20:46:14.353Z] [Updates] [checkForUpdates] checking for updates (automatic? true)
[info] [2025-05-16T20:46:17.624Z] skipped sending events to legacy /metrics endpoint [{"deviceId":"1581b98d2a63754e4c1293c0961fe875a205a6e04a0eca34f5ab304dcac63175","type":"memory","eventData":{"hwAccel":true,"processType":"browser","uptimeMinutes":1,"privateMb":172,"sharedMb":12},"metadata":{"os":{"name":"linux","version":"6.14.6-arch1-1"},"appVersion":"4.0.693","arch":"x64","isWKWV":false}},{"deviceId":"1581b98d2a63754e4c1293c0961fe875a205a6e04a0eca34f5ab304dcac63175","type":"system-stats","eventData":{"processType":"browser","arch":"x64","memoryUsage":{"rss":373522432,"heapTotal":17612800,"heapUsed":15971836,"external":3798618,"arrayBuffers":0},"cpuUsage":{"user":24129111,"system":5815368}},"metadata":{"os":{"name":"linux","version":"6.14.6-arch1-1"},"appVersion":"4.0.693","arch":"x64","isWKWV":false}}]
[info] [2025-05-16T20:54:36.374Z] [NotificationStore] closeAllNotifications
[log] [2025-05-16T20:54:37.076Z] [exit handler] disposing worker platform_worker
[warn] [2025-05-16T20:54:37.076Z] Worker already disposed
